<?xml version="1.0" encoding="UTF-8"?>
<testng-results ignored="0" total="4" passed="4" failed="0" skipped="0">
  <reporter-output>
  </reporter-output>
  <suite started-at="2025-09-15T23:30:05 EET" name="Default suite" finished-at="2025-09-15T23:30:39 EET" duration-ms="33596">
    <groups>
    </groups>
    <test started-at="2025-09-15T23:30:05 EET" name="Default test" finished-at="2025-09-15T23:30:39 EET" duration-ms="33596">
      <class name="projecr.MyTestcases">
        <test-method is-config="true" signature="mySetup()[pri:0, instance:projecr.MyTestcases@56e8b606]" started-at="2025-09-15T23:30:05 EET" name="mySetup" finished-at="2025-09-15T23:30:08 EET" duration-ms="2895" status="PASS">
          <reporter-output>
          </reporter-output>
        </test-method> <!-- mySetup -->
        <test-method signature="SignupTest()[pri:1, instance:projecr.MyTestcases@56e8b606]" started-at="2025-09-15T23:30:08 EET" name="SignupTest" finished-at="2025-09-15T23:30:20 EET" duration-ms="11386" status="PASS">
          <reporter-output>
          </reporter-output>
        </test-method> <!-- SignupTest -->
        <test-method signature="LogoutTest()[pri:2, instance:projecr.MyTestcases@56e8b606]" started-at="2025-09-15T23:30:20 EET" name="LogoutTest" finished-at="2025-09-15T23:30:26 EET" duration-ms="5861" status="PASS">
          <reporter-output>
          </reporter-output>
        </test-method> <!-- LogoutTest -->
        <test-method signature="Login()[pri:3, instance:projecr.MyTestcases@56e8b606]" started-at="2025-09-15T23:30:26 EET" name="Login" finished-at="2025-09-15T23:30:34 EET" duration-ms="7971" status="PASS">
          <reporter-output>
          </reporter-output>
        </test-method> <!-- Login -->
        <test-method signature="AddItemToThecart()[pri:4, instance:projecr.MyTestcases@56e8b606]" started-at="2025-09-15T23:30:34 EET" name="AddItemToThecart" finished-at="2025-09-15T23:30:39 EET" duration-ms="5395" status="PASS">
          <reporter-output>
          </reporter-output>
        </test-method> <!-- AddItemToThecart -->
        <test-method is-config="true" signature="AfterMyTest()[pri:0, instance:projecr.MyTestcases@56e8b606]" started-at="2025-09-15T23:30:39 EET" name="AfterMyTest" finished-at="2025-09-15T23:30:39 EET" duration-ms="1" status="PASS">
          <reporter-output>
          </reporter-output>
        </test-method> <!-- AfterMyTest -->
      </class> <!-- projecr.MyTestcases -->
    </test> <!-- Default test -->
  </suite> <!-- Default suite -->
</testng-results>
